\BOOKMARK [1][-]{section*.2}{\376\377\000I\000n\000t\000r\000o\000d\000u\000c\000t\000i\000o\000n}{}% 1
\BOOKMARK [2][-]{section*.3}{\376\377\000T\000e\000x\000t\000\040\000D\000a\000t\000a}{section*.2}% 2
\BOOKMARK [2][-]{section*.4}{\376\377\000M\000u\000l\000t\000i\000n\000o\000m\000i\000a\000l\000\040\000M\000o\000d\000e\000l}{section*.2}% 3
\BOOKMARK [2][-]{section*.5}{\376\377\000T\000o\000p\000i\000c\000\040\000M\000o\000d\000e\000l\000s}{section*.2}% 4
\BOOKMARK [2][-]{section*.6}{\376\377\000M\000e\000t\000a\000d\000a\000t\000a}{section*.2}% 5
\BOOKMARK [2][-]{section*.7}{\376\377\000M\000e\000t\000a\000d\000a\000t\000a\000\040\000a\000n\000d\000\040\000U\000n\000i\000g\000r\000a\000m\000\040\000M\000o\000d\000e\000l\000s}{section*.2}% 6
\BOOKMARK [1][-]{section*.8}{\376\377\000T\000h\000e\000o\000r\000y\000\040\000a\000n\000d\000\040\000A\000p\000p\000r\000o\000a\000c\000h}{}% 7
\BOOKMARK [2][-]{section*.9}{\376\377\000M\000i\000x\000t\000u\000r\000e\000\040\000m\000o\000d\000e\000l\000s\000\040\000a\000n\000d\000\040\000c\000l\000u\000s\000t\000e\000r\000\040\000m\000e\000m\000b\000e\000r\000s\000h\000i\000p}{section*.8}% 8
\BOOKMARK [2][-]{section*.10}{\376\377\000M\000o\000d\000e\000l\000\040\000S\000p\000e\000c\000i\000f\000i\000c\000a\000t\000i\000o\000n}{section*.8}% 9
\BOOKMARK [2][-]{section*.11}{\376\377\000I\000n\000i\000t\000i\000a\000l\000i\000z\000i\000n\000g\000\040\000C\000l\000u\000s\000t\000e\000r\000\040\000M\000e\000m\000b\000e\000r\000s\000h\000i\000p}{section*.8}% 10
\BOOKMARK [2][-]{section*.12}{\376\377\000E\000s\000t\000i\000m\000a\000t\000i\000o\000n\000\040\000o\000f\000\040\000P\000a\000r\000a\000m\000e\000t\000e\000r\000s\000\040\000v\000i\000a\000\040\000M\000a\000x\000i\000m\000u\000m\000\040\000a\000\040\000P\000o\000s\000t\000e\000r\000i\000o\000r\000i}{section*.8}% 11
\BOOKMARK [2][-]{section*.13}{\376\377\000C\000o\000m\000p\000u\000t\000a\000t\000i\000o\000n}{section*.8}% 12
\BOOKMARK [1][-]{section*.14}{\376\377\000A\000p\000p\000l\000i\000c\000a\000t\000i\000o\000n\000\040\000a\000n\000d\000\040\000E\000v\000a\000l\000u\000a\000t\000i\000o\000n\000\040\000o\000f\000\040\000A\000l\000g\000o\000r\000i\000t\000h\000m}{}% 13
\BOOKMARK [2][-]{section*.15}{\376\377\000C\000o\000n\000g\000r\000e\000s\000s\000i\000o\000n\000a\000l\000\040\000S\000p\000e\000e\000c\000h}{section*.14}% 14
\BOOKMARK [2][-]{section*.16}{\376\377\000E\000v\000a\000l\000u\000a\000t\000i\000o\000n\000\040\000o\000f\000\040\000C\000l\000u\000s\000t\000e\000r\000\040\000I\000n\000i\000t\000i\000a\000l\000i\000z\000a\000t\000i\000o\000n}{section*.14}% 15
\BOOKMARK [2][-]{section*.17}{\376\377\000C\000o\000n\000v\000e\000r\000g\000e\000n\000c\000e\000\040\000a\000n\000d\000\040\000S\000t\000a\000b\000i\000l\000i\000t\000y\000\040\000o\000f\000\040\000C\000l\000u\000s\000t\000e\000r\000s}{section*.14}% 16
\BOOKMARK [2][-]{section*.18}{\376\377\000I\000n\000t\000e\000r\000p\000r\000e\000t\000a\000t\000i\000o\000n\000\040\000o\000f\000\040\000T\000o\000p\000i\000c\000s}{section*.14}% 17
\BOOKMARK [2][-]{section*.19}{\376\377\000I\000n\000t\000e\000r\000p\000r\000e\000t\000a\000t\000i\000o\000n\000\040\000o\000f\000\040\000r\000e\000s\000u\000l\000t\000s}{section*.14}% 18
\BOOKMARK [2][-]{section*.20}{\376\377\000C\000o\000m\000p\000a\000r\000i\000s\000o\000n\000\040\000t\000o\000\040\000B\000l\000e\000i\000'\000s\000\040\000I\000n\000v\000e\000r\000s\000e\000\040\000R\000e\000g\000r\000e\000s\000s\000i\000o\000n\000\040\000T\000o\000p\000i\000c\000\040\000M\000o\000d\000e\000l}{section*.14}% 19
\BOOKMARK [2][-]{section*.21}{\376\377\000W\000e\0008\000t\000h\000e\000r\000e\000\040\000D\000a\000t\000a}{section*.14}% 20
\BOOKMARK [1][-]{section*.22}{\376\377\000E\000x\000t\000e\000n\000s\000i\000o\000n}{}% 21
\BOOKMARK [2][-]{section*.23}{\376\377\000F\000e\000a\000t\000u\000r\000e\000\040\000A\000l\000l\000o\000c\000a\000t\000i\000o\000n\000s}{section*.22}% 22
\BOOKMARK [2][-]{section*.24}{\376\377\000C\000r\000o\000s\000s\000\040\000V\000a\000l\000i\000d\000a\000t\000i\000o\000n\000\040\000a\000n\000d\000\040\000P\000r\000e\000d\000i\000c\000t\000i\000o\000n}{section*.22}% 23
\BOOKMARK [1][-]{section*.25}{\376\377\000C\000o\000n\000c\000l\000u\000s\000i\000o\000n}{}% 24
\BOOKMARK [1][-]{section*.26}{\376\377\000A\000c\000k\000n\000o\000w\000l\000e\000d\000g\000e\000m\000e\000n\000t\000s}{}% 25
